Arguments: 
  /usr/bin/node /usr/share/yarn/bin/yarn.js

PATH: 
  /home/debo/anaconda3/bin:/home/debo/anaconda3/condabin:/usr/local/sbin:/usr/local/bin:/usr/sbin:/usr/bin:/sbin:/bin:/usr/games:/usr/local/games:/snap/bin:/home/debo/.dotnet/tools

Yarn version: 
  1.22.19

Node version: 
  16.16.0

Platform: 
  linux x64

Trace: 
  Error: getaddrinfo EAI_AGAIN registry.yarnpkg.com
      at GetAddrInfoReqWrap.onlookup [as oncomplete] (node:dns:71:26)

npm manifest: 
  {
    "name": "Panaroma-Swap-V1.0-Referal",
    "version": "1.0.0",
    "description": "Referal contracts for Panaromaswap V2",
    "engines": {
      "node": ">=10"
    },
    "repository": {
      "type": "git",
      "url": "https://github.com/debo24/Panaroma-Swap-V1.0-Referal"
    },
    "publishConfig": {
      "@debo24": "https://npm.pkg.github.com"
    },
    "files": [
      "build",
      "contracts"
    ],
    "dependencies": {
      "panaromaswap_lib": "^1.0.0",
      "panaromaswap_v2core": "^1.0.2"
    },
    "devDependencies": {
      "@nomiclabs/hardhat-ethers": "^2.0.2",
      "@nomiclabs/hardhat-etherscan": "^2.1.8",
      "@nomiclabs/hardhat-waffle": "^2.0.1",
      "@typechain/ethers-v5": "^4.0.0",
      "@types/chai": "^4.2.6",
      "@types/mocha": "^5.2.7",
      "chai": "^4.2.0",
      "decimal.js": "^10.2.1",
      "ethereum-waffle": "^3.0.2",
      "ethers": "^5.0.8",
      "hardhat": "^2.10.1",
      "hardhat-typechain": "^0.3.5",
      "mocha": "^6.2.2",
      "mocha-chai-jest-snapshot": "^1.1.0",
      "prettier": "^2.0.5",
      "prettier-plugin-solidity": "^1.0.0-alpha.59",
      "solhint": "^3.2.1",
      "solhint-plugin-prettier": "^0.0.5",
      "ts-generator": "^0.1.1",
      "ts-node": "^8.5.4",
      "typechain": "^4.0.0",
      "typescript": "^3.7.3"
    },
    "scripts": {
      "compile": "hardhat compile",
      "test": "hardhat test"
    },
    "license": "GPL-3.0-or-later"
  }

yarn manifest: 
  No manifest

Lockfile: 
  No lockfile
